2021-11-02 08:16:08.2869|INFO|Microsoft.Hosting.Lifetime|Application started. Press Ctrl+C to shut down.
2021-11-02 08:16:08.3408|INFO|Microsoft.Hosting.Lifetime|Hosting environment: Development
2021-11-02 08:16:08.3518|INFO|Microsoft.Hosting.Lifetime|Content root path: D:\pyme-finance-api
2021-11-02 08:16:19.2050|INFO|pyme_finance_api.Controllers.Auth.LoginController|Class:LoginController | Method:Login | Start method |Params pyme_finance_api.Models.Authentication.Users
2021-11-02 08:16:21.2256|INFO|pyme_finance_api.Controllers.Auth.LoginController|Class:LoginController | Method:LoginSuccess | Complete method
2021-11-02 08:23:38.9502|INFO|pyme_finance_api.Controllers.Auth.LoginController|Class:LoginController | Method:Login | Start method |Params pyme_finance_api.Models.Authentication.Users
2021-11-02 08:23:39.0298|INFO|pyme_finance_api.Controllers.Auth.LoginController|Class:LoginController | Method:LoginSuccess | Complete method
2021-11-02 08:30:42.3135|INFO|pyme_finance_api.Controllers.Auth.LoginController|Class:LoginController | Method:Login | Start method |Params pyme_finance_api.Models.Authentication.Users
2021-11-02 08:30:42.4758|INFO|pyme_finance_api.Controllers.Auth.LoginController|Class:LoginController | Method:LoginSuccess | Complete method
2021-11-02 09:10:43.3129|INFO|pyme_finance_api.Controllers.Auth.LoginController|Class:LoginController | Method:Login | Start method |Params pyme_finance_api.Models.Authentication.Users
2021-11-02 09:10:43.5050|INFO|pyme_finance_api.Controllers.Auth.LoginController|Class:LoginController | Method:LoginSuccess | Complete method
2021-11-02 09:12:17.6090|INFO|pyme_finance_api.Controllers.Auth.LoginController|Class:LoginController | Method:Login | Start method |Params pyme_finance_api.Models.Authentication.Users
2021-11-02 09:12:17.6423|INFO|pyme_finance_api.Controllers.Auth.LoginController|Class:LoginController | Method:LoginSuccess | Complete method
2021-11-02 09:23:09.6864|INFO|pyme_finance_api.Controllers.Auth.LoginController|Class:LoginController | Method:Login | Start method |Params pyme_finance_api.Models.Authentication.Users
2021-11-02 09:23:09.7607|INFO|pyme_finance_api.Controllers.Auth.LoginController|Class:LoginController | Method:LoginSuccess | Complete method
2021-11-02 09:24:52.9741|INFO|pyme_finance_api.Controllers.Auth.LoginController|Class:LoginController | Method:Login | Start method |Params pyme_finance_api.Models.Authentication.Users
2021-11-02 09:24:53.0340|INFO|pyme_finance_api.Controllers.Auth.LoginController|Class:LoginController | Method:LoginSuccess | Complete method
2021-11-02 09:29:07.7045|INFO|pyme_finance_api.Controllers.Auth.LoginController|Class:LoginController | Method:Login | Start method |Params pyme_finance_api.Models.Authentication.Users
2021-11-02 09:29:07.8738|INFO|pyme_finance_api.Controllers.Auth.LoginController|Class:LoginController | Method:LoginSuccess | Complete method
2021-11-02 09:32:05.0575|INFO|pyme_finance_api.Controllers.Auth.LoginController|Class:LoginController | Method:Login | Start method |Params pyme_finance_api.Models.Authentication.Users
2021-11-02 09:32:05.1205|INFO|pyme_finance_api.Controllers.Auth.LoginController|Class:LoginController | Method:LoginSuccess | Complete method
2021-11-02 12:39:03.5942|INFO|Microsoft.Hosting.Lifetime|Application started. Press Ctrl+C to shut down.
2021-11-02 12:39:03.6573|INFO|Microsoft.Hosting.Lifetime|Hosting environment: Development
2021-11-02 12:39:03.6573|INFO|Microsoft.Hosting.Lifetime|Content root path: D:\pyme-finance-api
2021-11-02 12:40:48.4860|INFO|pyme_finance_api.Controllers.Auth.LoginController|Class:LoginController | Method:Login | Start method |Params pyme_finance_api.Models.Authentication.Users
2021-11-02 12:40:49.3742|INFO|pyme_finance_api.Controllers.Auth.LoginController|Class:LoginController | Method:LoginSuccess | Complete method
2021-11-02 12:42:02.0662|INFO|pyme_finance_api.Controllers.Auth.LoginController|Class:LoginController | Method:Login | Start method |Params pyme_finance_api.Models.Authentication.Users
2021-11-02 12:42:02.1036|INFO|pyme_finance_api.Controllers.Auth.LoginController|Class:LoginController | Method:LoginSuccess | Complete method
2021-11-02 13:33:11.5956|INFO|pyme_finance_api.Controllers.Auth.LoginController|Class:LoginController | Method:Login | Start method |Params pyme_finance_api.Models.Authentication.Users
2021-11-02 13:33:11.8706|INFO|pyme_finance_api.Controllers.Auth.LoginController|Class:LoginController | Method:LoginSuccess | Complete method
2021-11-02 13:34:32.1483|INFO|pyme_finance_api.Controllers.Auth.LoginController|Class:LoginController | Method:Login | Start method |Params pyme_finance_api.Models.Authentication.Users
2021-11-02 13:34:32.1854|INFO|pyme_finance_api.Controllers.Auth.LoginController|Class:LoginController | Method:LoginSuccess | Complete method
2021-11-02 13:41:28.8188|INFO|pyme_finance_api.Controllers.Auth.LoginController|Class:LoginController | Method:Login | Start method |Params pyme_finance_api.Models.Authentication.Users
2021-11-02 13:41:28.9106|INFO|pyme_finance_api.Controllers.Auth.LoginController|Class:LoginController | Method:LoginSuccess | Complete method
2021-11-02 13:44:12.6921|INFO|pyme_finance_api.Controllers.Auth.LoginController|Class:LoginController | Method:Login | Start method |Params pyme_finance_api.Models.Authentication.Users
2021-11-02 13:44:12.7612|INFO|pyme_finance_api.Controllers.Auth.LoginController|Class:LoginController | Method:LoginSuccess | Complete method
2021-11-02 14:14:26.7810|INFO|Microsoft.Hosting.Lifetime|Application started. Press Ctrl+C to shut down.
2021-11-02 14:14:26.8009|INFO|Microsoft.Hosting.Lifetime|Hosting environment: Development
2021-11-02 14:14:26.8009|INFO|Microsoft.Hosting.Lifetime|Content root path: D:\pyme-finance-api
2021-11-02 14:37:28.7168|INFO|pyme_finance_api.Controllers.Auth.LoginController|Class:LoginController | Method:Login | Start method |Params pyme_finance_api.Models.Authentication.Users
2021-11-02 14:37:31.6782|INFO|pyme_finance_api.Controllers.Auth.LoginController|Class:LoginController | Method:LoginSuccess | Complete method
2021-11-02 14:39:40.1680|INFO|Microsoft.Hosting.Lifetime|Application started. Press Ctrl+C to shut down.
2021-11-02 14:39:40.1883|INFO|Microsoft.Hosting.Lifetime|Hosting environment: Development
2021-11-02 14:39:40.1883|INFO|Microsoft.Hosting.Lifetime|Content root path: D:\pyme-finance-api
2021-11-02 14:41:31.5253|INFO|pyme_finance_api.Controllers.Auth.LoginController|Class:LoginController | Method:Login | Start method |Params pyme_finance_api.Models.Authentication.Users
2021-11-02 14:41:32.3215|INFO|pyme_finance_api.Controllers.Auth.LoginController|Class:LoginController | Method:LoginSuccess | Complete method
2021-11-02 14:43:53.1821|INFO|Microsoft.Hosting.Lifetime|Application started. Press Ctrl+C to shut down.
2021-11-02 14:43:53.2080|INFO|Microsoft.Hosting.Lifetime|Hosting environment: Development
2021-11-02 14:43:53.2080|INFO|Microsoft.Hosting.Lifetime|Content root path: D:\pyme-finance-api
2021-11-02 14:47:00.5746|INFO|pyme_finance_api.Controllers.Auth.LoginController|Class:LoginController | Method:Login | Start method |Params pyme_finance_api.Models.Authentication.Users
2021-11-02 14:47:01.2849|INFO|pyme_finance_api.Controllers.Auth.LoginController|Class:LoginController | Method:LoginSuccess | Complete method
2021-11-02 14:49:13.1005|INFO|Microsoft.Hosting.Lifetime|Application started. Press Ctrl+C to shut down.
2021-11-02 14:49:13.1266|INFO|Microsoft.Hosting.Lifetime|Hosting environment: Development
2021-11-02 14:49:13.1266|INFO|Microsoft.Hosting.Lifetime|Content root path: D:\pyme-finance-api
2021-11-02 14:50:47.6180|INFO|Microsoft.Hosting.Lifetime|Application started. Press Ctrl+C to shut down.
2021-11-02 14:50:47.6410|INFO|Microsoft.Hosting.Lifetime|Hosting environment: Development
2021-11-02 14:50:47.6410|INFO|Microsoft.Hosting.Lifetime|Content root path: D:\pyme-finance-api
2021-11-02 14:54:13.1330|INFO|Microsoft.Hosting.Lifetime|Application started. Press Ctrl+C to shut down.
2021-11-02 14:54:13.1576|INFO|Microsoft.Hosting.Lifetime|Hosting environment: Development
2021-11-02 14:54:13.1576|INFO|Microsoft.Hosting.Lifetime|Content root path: D:\pyme-finance-api
2021-11-02 15:02:34.9783|INFO|pyme_finance_api.Controllers.Auth.LoginController|Class:LoginController | Method:Login | Start method |Params pyme_finance_api.Models.Authentication.Users
2021-11-02 15:02:35.1153|INFO|pyme_finance_api.Controllers.Auth.LoginController|Class:LoginController | Method:LoginSuccess | Complete method
2021-11-02 15:07:38.9712|INFO|Microsoft.Hosting.Lifetime|Application started. Press Ctrl+C to shut down.
2021-11-02 15:07:38.9923|INFO|Microsoft.Hosting.Lifetime|Hosting environment: Development
2021-11-02 15:07:38.9923|INFO|Microsoft.Hosting.Lifetime|Content root path: D:\pyme-finance-api
2021-11-02 15:08:57.4990|INFO|pyme_finance_api.Controllers.Auth.LoginController|Class:LoginController | Method:Login | Start method |Params pyme_finance_api.Models.Authentication.Users
2021-11-02 15:08:58.1743|INFO|pyme_finance_api.Controllers.Auth.LoginController|Class:LoginController | Method:LoginSuccess | Complete method
2021-11-02 15:10:51.3162|INFO|pyme_finance_api.Controllers.Auth.LoginController|Class:LoginController | Method:Login | Start method |Params pyme_finance_api.Models.Authentication.Users
2021-11-02 15:10:51.3558|INFO|pyme_finance_api.Controllers.Auth.LoginController|Class:LoginController | Method:LoginSuccess | Complete method
2021-11-02 15:16:37.5188|INFO|pyme_finance_api.Controllers.Auth.LoginController|Class:LoginController | Method:Login | Start method |Params pyme_finance_api.Models.Authentication.Users
2021-11-02 15:16:37.5870|INFO|pyme_finance_api.Controllers.Auth.LoginController|Class:LoginController | Method:LoginSuccess | Complete method
2021-11-02 15:27:27.0928|INFO|Microsoft.Hosting.Lifetime|Application started. Press Ctrl+C to shut down.
2021-11-02 15:27:27.1583|INFO|Microsoft.Hosting.Lifetime|Hosting environment: Development
2021-11-02 15:27:27.1703|INFO|Microsoft.Hosting.Lifetime|Content root path: D:\pyme-finance-api
2021-11-02 16:21:25.4785|INFO|Microsoft.Hosting.Lifetime|Application started. Press Ctrl+C to shut down.
2021-11-02 16:21:25.4996|INFO|Microsoft.Hosting.Lifetime|Hosting environment: Development
2021-11-02 16:21:25.4996|INFO|Microsoft.Hosting.Lifetime|Content root path: D:\pyme-finance-api
2021-11-02 16:22:44.0353|INFO|pyme_finance_api.Controllers.Auth.LoginController|Class:LoginController | Method:Login | Start method |Params pyme_finance_api.Models.Authentication.Users
2021-11-02 16:22:44.2147|INFO|pyme_finance_api.Controllers.Auth.LoginController|Class:LoginController | Method:LoginSuccess | Complete method
2021-11-02 16:26:40.4110|INFO|pyme_finance_api.Controllers.Auth.LoginController|Class:LoginController | Method:Login | Start method |Params pyme_finance_api.Models.Authentication.Users
2021-11-02 16:26:40.5376|INFO|pyme_finance_api.Controllers.Auth.LoginController|Class:LoginController | Method:LoginSuccess | Complete method
