2021-10-19 12:00:08.9379|INFO|Microsoft.Hosting.Lifetime|Application started. Press Ctrl+C to shut down.
2021-10-19 12:00:08.9952|INFO|Microsoft.Hosting.Lifetime|Hosting environment: Development
2021-10-19 12:00:09.0017|INFO|Microsoft.Hosting.Lifetime|Content root path: D:\pyme-finance-api
2021-10-19 12:01:23.9125|INFO|Microsoft.Hosting.Lifetime|Application started. Press Ctrl+C to shut down.
2021-10-19 12:01:23.9422|INFO|Microsoft.Hosting.Lifetime|Hosting environment: Development
2021-10-19 12:01:23.9422|INFO|Microsoft.Hosting.Lifetime|Content root path: D:\pyme-finance-api
2021-10-19 12:01:32.0908|INFO|pyme_finance_api.Controllers.Auth.LoginController|Class:LoginController | Method:Login | Start method |Params pyme_finance_api.Models.Authentication.Users
2021-10-19 12:01:33.7516|INFO|pyme_finance_api.Controllers.Auth.LoginController|Class:LoginController | Method:LoginSuccess | Complete method
2021-10-19 12:03:52.2816|INFO|pyme_finance_api.Controllers.Auth.LoginController|Class:LoginController | Method:Login | Start method |Params pyme_finance_api.Models.Authentication.Users
2021-10-19 12:03:52.3160|INFO|pyme_finance_api.Controllers.Auth.LoginController|Class:LoginController | Method:LoginSuccess | Complete method
2021-10-19 12:08:10.7675|INFO|Microsoft.Hosting.Lifetime|Application started. Press Ctrl+C to shut down.
2021-10-19 12:08:10.7964|INFO|Microsoft.Hosting.Lifetime|Hosting environment: Development
2021-10-19 12:08:10.7964|INFO|Microsoft.Hosting.Lifetime|Content root path: D:\pyme-finance-api
2021-10-19 12:10:32.9070|INFO|pyme_finance_api.Controllers.Auth.LoginController|Class:LoginController | Method:Login | Start method |Params pyme_finance_api.Models.Authentication.Users
2021-10-19 12:10:33.1558|INFO|pyme_finance_api.Controllers.Auth.LoginController|Class:LoginController | Method:LoginSuccess | Complete method
2021-10-19 12:19:26.1707|INFO|pyme_finance_api.Controllers.Auth.LoginController|Class:LoginController | Method:Login | Start method |Params pyme_finance_api.Models.Authentication.Users
2021-10-19 12:19:26.2584|INFO|pyme_finance_api.Controllers.Auth.LoginController|Class:LoginController | Method:LoginSuccess | Complete method
2021-10-19 12:25:57.2007|INFO|pyme_finance_api.Controllers.Auth.LoginController|Class:LoginController | Method:Login | Start method |Params pyme_finance_api.Models.Authentication.Users
2021-10-19 12:25:57.3136|INFO|pyme_finance_api.Controllers.Auth.LoginController|Class:LoginController | Method:LoginSuccess | Complete method
2021-10-19 12:30:43.7785|INFO|pyme_finance_api.Controllers.Auth.LoginController|Class:LoginController | Method:Login | Start method |Params pyme_finance_api.Models.Authentication.Users
2021-10-19 12:30:43.8165|INFO|pyme_finance_api.Controllers.Auth.LoginController|Class:LoginController | Method:LoginSuccess | Complete method
2021-10-19 12:41:35.7295|INFO|Microsoft.Hosting.Lifetime|Application started. Press Ctrl+C to shut down.
2021-10-19 12:41:35.7772|INFO|Microsoft.Hosting.Lifetime|Hosting environment: Development
2021-10-19 12:41:35.7837|INFO|Microsoft.Hosting.Lifetime|Content root path: D:\pyme-finance-api
2021-10-19 12:42:03.3252|INFO|pyme_finance_api.Controllers.Auth.LoginController|Class:LoginController | Method:Login | Start method |Params pyme_finance_api.Models.Authentication.Users
2021-10-19 12:42:04.1166|INFO|pyme_finance_api.Controllers.Auth.LoginController|Class:LoginController | Method:LoginSuccess | Complete method
2021-10-19 12:44:52.3730|INFO|pyme_finance_api.Controllers.Auth.LoginController|Class:LoginController | Method:Login | Start method |Params pyme_finance_api.Models.Authentication.Users
2021-10-19 12:44:52.4185|INFO|pyme_finance_api.Controllers.Auth.LoginController|Class:LoginController | Method:LoginSuccess | Complete method
2021-10-19 12:52:56.3823|INFO|Microsoft.Hosting.Lifetime|Application started. Press Ctrl+C to shut down.
2021-10-19 12:52:56.4223|INFO|Microsoft.Hosting.Lifetime|Hosting environment: Development
2021-10-19 12:52:56.4223|INFO|Microsoft.Hosting.Lifetime|Content root path: D:\pyme-finance-api
2021-10-19 12:53:38.3140|INFO|pyme_finance_api.Controllers.Auth.LoginController|Class:LoginController | Method:Login | Start method |Params pyme_finance_api.Models.Authentication.Users
2021-10-19 12:53:39.0860|INFO|pyme_finance_api.Controllers.Auth.LoginController|Class:LoginController | Method:LoginSuccess | Complete method
2021-10-19 12:57:50.6276|INFO|pyme_finance_api.Controllers.Auth.LoginController|Class:LoginController | Method:Login | Start method |Params pyme_finance_api.Models.Authentication.Users
2021-10-19 12:57:50.6674|INFO|pyme_finance_api.Controllers.Auth.LoginController|Class:LoginController | Method:LoginSuccess | Complete method
2021-10-19 14:29:21.2638|INFO|Microsoft.Hosting.Lifetime|Application started. Press Ctrl+C to shut down.
2021-10-19 14:29:21.3755|INFO|Microsoft.Hosting.Lifetime|Hosting environment: Development
2021-10-19 14:29:21.3755|INFO|Microsoft.Hosting.Lifetime|Content root path: D:\pyme-finance-api
2021-10-19 14:32:34.9168|INFO|pyme_finance_api.Controllers.Auth.LoginController|Class:LoginController | Method:Login | Start method |Params pyme_finance_api.Models.Authentication.Users
2021-10-19 14:32:36.9018|INFO|pyme_finance_api.Controllers.Auth.LoginController|Class:LoginController | Method:LoginSuccess | Complete method
2021-10-19 14:34:10.1048|INFO|pyme_finance_api.Controllers.Auth.LoginController|Class:LoginController | Method:Login | Start method |Params pyme_finance_api.Models.Authentication.Users
2021-10-19 14:34:10.1635|INFO|pyme_finance_api.Controllers.Auth.LoginController|Class:LoginController | Method:LoginSuccess | Complete method
2021-10-19 14:39:40.5999|INFO|pyme_finance_api.Controllers.Auth.LoginController|Class:LoginController | Method:Login | Start method |Params pyme_finance_api.Models.Authentication.Users
2021-10-19 14:39:40.6922|INFO|pyme_finance_api.Controllers.Auth.LoginController|Class:LoginController | Method:LoginSuccess | Complete method
2021-10-19 14:41:23.2143|INFO|Microsoft.Hosting.Lifetime|Application started. Press Ctrl+C to shut down.
2021-10-19 14:41:23.2454|INFO|Microsoft.Hosting.Lifetime|Hosting environment: Development
2021-10-19 14:41:23.2514|INFO|Microsoft.Hosting.Lifetime|Content root path: D:\pyme-finance-api
2021-10-19 14:41:38.8790|INFO|pyme_finance_api.Controllers.Auth.LoginController|Class:LoginController | Method:Login | Start method |Params pyme_finance_api.Models.Authentication.Users
2021-10-19 14:42:04.3128|INFO|pyme_finance_api.Controllers.Auth.LoginController|Class:LoginController | Method:LoginSuccess | Complete method
2021-10-19 14:44:46.7190|INFO|Microsoft.Hosting.Lifetime|Application started. Press Ctrl+C to shut down.
2021-10-19 14:44:46.7456|INFO|Microsoft.Hosting.Lifetime|Hosting environment: Development
2021-10-19 14:44:46.7537|INFO|Microsoft.Hosting.Lifetime|Content root path: D:\pyme-finance-api
2021-10-19 14:45:00.8934|INFO|pyme_finance_api.Controllers.Auth.LoginController|Class:LoginController | Method:Login | Start method |Params pyme_finance_api.Models.Authentication.Users
2021-10-19 14:45:06.3020|INFO|pyme_finance_api.Controllers.Auth.LoginController|Class:LoginController | Method:LoginSuccess | Complete method
2021-10-19 14:46:24.4948|INFO|pyme_finance_api.Controllers.Auth.LoginController|Class:LoginController | Method:Login | Start method |Params pyme_finance_api.Models.Authentication.Users
2021-10-19 14:46:34.5370|INFO|pyme_finance_api.Controllers.Auth.LoginController|Class:LoginController | Method:LoginSuccess | Complete method
2021-10-19 14:47:33.6588|INFO|Microsoft.Hosting.Lifetime|Application started. Press Ctrl+C to shut down.
2021-10-19 14:47:33.6851|INFO|Microsoft.Hosting.Lifetime|Hosting environment: Development
2021-10-19 14:47:33.6894|INFO|Microsoft.Hosting.Lifetime|Content root path: D:\pyme-finance-api
2021-10-19 14:52:20.7498|INFO|Microsoft.Hosting.Lifetime|Application started. Press Ctrl+C to shut down.
2021-10-19 14:52:20.7766|INFO|Microsoft.Hosting.Lifetime|Hosting environment: Development
2021-10-19 14:52:20.7813|INFO|Microsoft.Hosting.Lifetime|Content root path: D:\pyme-finance-api
2021-10-19 14:53:14.7490|INFO|pyme_finance_api.Controllers.Auth.LoginController|Class:LoginController | Method:Login | Start method |Params pyme_finance_api.Models.Authentication.Users
2021-10-19 14:53:18.3163|INFO|pyme_finance_api.Controllers.Auth.LoginController|Class:LoginController | Method:LoginSuccess | Complete method
2021-10-19 14:55:36.9176|ERROR|Microsoft.AspNetCore.Diagnostics.DeveloperExceptionPageMiddleware|An unhandled exception has occurred while executing the request.
2021-10-19 14:56:27.8400|INFO|Microsoft.Hosting.Lifetime|Application started. Press Ctrl+C to shut down.
2021-10-19 14:56:27.8729|INFO|Microsoft.Hosting.Lifetime|Hosting environment: Development
2021-10-19 14:56:27.8774|INFO|Microsoft.Hosting.Lifetime|Content root path: D:\pyme-finance-api
2021-10-19 14:58:31.8041|INFO|Microsoft.Hosting.Lifetime|Application started. Press Ctrl+C to shut down.
2021-10-19 14:58:31.8353|INFO|Microsoft.Hosting.Lifetime|Hosting environment: Development
2021-10-19 14:58:31.8353|INFO|Microsoft.Hosting.Lifetime|Content root path: D:\pyme-finance-api
2021-10-19 15:00:07.7547|INFO|Microsoft.Hosting.Lifetime|Application started. Press Ctrl+C to shut down.
2021-10-19 15:00:07.7954|INFO|Microsoft.Hosting.Lifetime|Hosting environment: Development
2021-10-19 15:00:07.7954|INFO|Microsoft.Hosting.Lifetime|Content root path: D:\pyme-finance-api
2021-10-19 15:01:21.6465|INFO|Microsoft.Hosting.Lifetime|Application started. Press Ctrl+C to shut down.
2021-10-19 15:01:21.6753|INFO|Microsoft.Hosting.Lifetime|Hosting environment: Development
2021-10-19 15:01:21.6753|INFO|Microsoft.Hosting.Lifetime|Content root path: D:\pyme-finance-api
2021-10-19 15:07:52.5993|INFO|Microsoft.Hosting.Lifetime|Application started. Press Ctrl+C to shut down.
2021-10-19 15:07:52.6335|INFO|Microsoft.Hosting.Lifetime|Hosting environment: Development
2021-10-19 15:07:52.6434|INFO|Microsoft.Hosting.Lifetime|Content root path: D:\pyme-finance-api
2021-10-19 15:08:46.2149|ERROR|Microsoft.AspNetCore.Diagnostics.DeveloperExceptionPageMiddleware|An unhandled exception has occurred while executing the request.
2021-10-19 15:09:41.2164|INFO|Microsoft.Hosting.Lifetime|Application started. Press Ctrl+C to shut down.
2021-10-19 15:09:41.2441|INFO|Microsoft.Hosting.Lifetime|Hosting environment: Development
2021-10-19 15:09:41.2499|INFO|Microsoft.Hosting.Lifetime|Content root path: D:\pyme-finance-api
2021-10-19 15:12:00.5801|ERROR|Microsoft.AspNetCore.Diagnostics.DeveloperExceptionPageMiddleware|An unhandled exception has occurred while executing the request.
2021-10-19 15:12:54.1726|INFO|Microsoft.Hosting.Lifetime|Application started. Press Ctrl+C to shut down.
2021-10-19 15:12:54.2046|INFO|Microsoft.Hosting.Lifetime|Hosting environment: Development
2021-10-19 15:12:54.2046|INFO|Microsoft.Hosting.Lifetime|Content root path: D:\pyme-finance-api
2021-10-19 15:13:17.7700|ERROR|Microsoft.AspNetCore.Diagnostics.DeveloperExceptionPageMiddleware|An unhandled exception has occurred while executing the request.
2021-10-19 15:13:57.0519|INFO|Microsoft.Hosting.Lifetime|Application started. Press Ctrl+C to shut down.
2021-10-19 15:13:57.0843|INFO|Microsoft.Hosting.Lifetime|Hosting environment: Development
2021-10-19 15:13:57.0843|INFO|Microsoft.Hosting.Lifetime|Content root path: D:\pyme-finance-api
2021-10-19 15:14:35.6444|ERROR|Microsoft.AspNetCore.Diagnostics.DeveloperExceptionPageMiddleware|An unhandled exception has occurred while executing the request.
2021-10-19 15:15:22.8770|INFO|Microsoft.Hosting.Lifetime|Application started. Press Ctrl+C to shut down.
2021-10-19 15:15:22.9057|INFO|Microsoft.Hosting.Lifetime|Hosting environment: Development
2021-10-19 15:15:22.9057|INFO|Microsoft.Hosting.Lifetime|Content root path: D:\pyme-finance-api
2021-10-19 15:16:31.4756|INFO|Microsoft.Hosting.Lifetime|Application started. Press Ctrl+C to shut down.
2021-10-19 15:16:31.5059|INFO|Microsoft.Hosting.Lifetime|Hosting environment: Development
2021-10-19 15:16:31.5059|INFO|Microsoft.Hosting.Lifetime|Content root path: D:\pyme-finance-api
2021-10-19 15:17:28.9780|INFO|Microsoft.Hosting.Lifetime|Application started. Press Ctrl+C to shut down.
2021-10-19 15:17:29.0050|INFO|Microsoft.Hosting.Lifetime|Hosting environment: Development
2021-10-19 15:17:29.0050|INFO|Microsoft.Hosting.Lifetime|Content root path: D:\pyme-finance-api
2021-10-19 15:18:37.7559|ERROR|Microsoft.AspNetCore.Diagnostics.DeveloperExceptionPageMiddleware|An unhandled exception has occurred while executing the request.
2021-10-19 15:20:16.0563|ERROR|Microsoft.AspNetCore.Diagnostics.DeveloperExceptionPageMiddleware|An unhandled exception has occurred while executing the request.
2021-10-19 15:22:12.5493|INFO|Microsoft.Hosting.Lifetime|Application started. Press Ctrl+C to shut down.
2021-10-19 15:22:12.5770|INFO|Microsoft.Hosting.Lifetime|Hosting environment: Development
2021-10-19 15:22:12.5770|INFO|Microsoft.Hosting.Lifetime|Content root path: D:\pyme-finance-api
2021-10-19 15:24:16.1884|ERROR|Microsoft.AspNetCore.Diagnostics.DeveloperExceptionPageMiddleware|An unhandled exception has occurred while executing the request.
2021-10-19 15:29:31.1843|ERROR|Microsoft.AspNetCore.Diagnostics.DeveloperExceptionPageMiddleware|An unhandled exception has occurred while executing the request.
2021-10-19 15:30:34.9236|ERROR|Microsoft.AspNetCore.Diagnostics.DeveloperExceptionPageMiddleware|An unhandled exception has occurred while executing the request.
2021-10-19 15:30:53.5102|INFO|Microsoft.Hosting.Lifetime|Application started. Press Ctrl+C to shut down.
2021-10-19 15:30:53.5394|INFO|Microsoft.Hosting.Lifetime|Hosting environment: Development
2021-10-19 15:30:53.5394|INFO|Microsoft.Hosting.Lifetime|Content root path: D:\pyme-finance-api
2021-10-19 15:31:09.4507|INFO|pyme_finance_api.Controllers.Auth.LoginController|Class:LoginController | Method:Login | Start method |Params pyme_finance_api.Models.Authentication.Users
2021-10-19 15:31:11.1242|INFO|pyme_finance_api.Controllers.Auth.LoginController|Class:LoginController | Method:LoginSuccess | Complete method
2021-10-19 15:31:53.4608|ERROR|Microsoft.AspNetCore.Diagnostics.DeveloperExceptionPageMiddleware|An unhandled exception has occurred while executing the request.
2021-10-19 15:34:33.0820|INFO|Microsoft.Hosting.Lifetime|Application started. Press Ctrl+C to shut down.
2021-10-19 15:34:33.1089|INFO|Microsoft.Hosting.Lifetime|Hosting environment: Development
2021-10-19 15:34:33.1089|INFO|Microsoft.Hosting.Lifetime|Content root path: D:\pyme-finance-api
2021-10-19 15:34:48.9239|INFO|pyme_finance_api.Controllers.Auth.LoginController|Class:LoginController | Method:Login | Start method |Params pyme_finance_api.Models.Authentication.Users
2021-10-19 15:34:56.9127|INFO|pyme_finance_api.Controllers.Auth.LoginController|Class:LoginController | Method:LoginSuccess | Complete method
2021-10-19 15:36:17.1820|ERROR|Microsoft.AspNetCore.Diagnostics.DeveloperExceptionPageMiddleware|An unhandled exception has occurred while executing the request.
2021-10-19 15:36:54.8485|ERROR|Microsoft.AspNetCore.Diagnostics.DeveloperExceptionPageMiddleware|An unhandled exception has occurred while executing the request.
2021-10-19 15:38:03.3111|INFO|Microsoft.Hosting.Lifetime|Application started. Press Ctrl+C to shut down.
2021-10-19 15:38:03.3371|INFO|Microsoft.Hosting.Lifetime|Hosting environment: Development
2021-10-19 15:38:03.3433|INFO|Microsoft.Hosting.Lifetime|Content root path: D:\pyme-finance-api
2021-10-19 15:39:12.3656|ERROR|Microsoft.AspNetCore.Diagnostics.DeveloperExceptionPageMiddleware|An unhandled exception has occurred while executing the request.
2021-10-19 15:40:42.5490|INFO|Microsoft.Hosting.Lifetime|Application started. Press Ctrl+C to shut down.
2021-10-19 15:40:42.5817|INFO|Microsoft.Hosting.Lifetime|Hosting environment: Development
2021-10-19 15:40:42.5817|INFO|Microsoft.Hosting.Lifetime|Content root path: D:\pyme-finance-api
2021-10-19 15:41:21.1115|INFO|Microsoft.Hosting.Lifetime|Application started. Press Ctrl+C to shut down.
2021-10-19 15:41:21.1413|INFO|Microsoft.Hosting.Lifetime|Hosting environment: Development
2021-10-19 15:41:21.1413|INFO|Microsoft.Hosting.Lifetime|Content root path: D:\pyme-finance-api
2021-10-19 15:46:48.0237|ERROR|Microsoft.AspNetCore.Diagnostics.DeveloperExceptionPageMiddleware|An unhandled exception has occurred while executing the request.
2021-10-19 15:47:28.0053|INFO|pyme_finance_api.Controllers.Auth.LoginController|Class:LoginController | Method:Login | Start method |Params pyme_finance_api.Models.Authentication.Users
2021-10-19 15:47:28.1303|INFO|pyme_finance_api.Controllers.Auth.LoginController|Class:LoginController | Method:LoginSuccess | Complete method
2021-10-19 15:48:54.5556|INFO|Microsoft.Hosting.Lifetime|Application started. Press Ctrl+C to shut down.
2021-10-19 15:48:54.5908|INFO|Microsoft.Hosting.Lifetime|Hosting environment: Development
2021-10-19 15:48:54.5962|INFO|Microsoft.Hosting.Lifetime|Content root path: D:\pyme-finance-api
2021-10-19 15:49:20.0645|INFO|Microsoft.Hosting.Lifetime|Application started. Press Ctrl+C to shut down.
2021-10-19 15:49:20.0964|INFO|Microsoft.Hosting.Lifetime|Hosting environment: Development
2021-10-19 15:49:20.0964|INFO|Microsoft.Hosting.Lifetime|Content root path: D:\pyme-finance-api
2021-10-19 15:54:42.0232|INFO|Microsoft.Hosting.Lifetime|Application started. Press Ctrl+C to shut down.
2021-10-19 15:54:42.0489|INFO|Microsoft.Hosting.Lifetime|Hosting environment: Development
2021-10-19 15:54:42.0489|INFO|Microsoft.Hosting.Lifetime|Content root path: D:\pyme-finance-api
2021-10-19 15:56:08.0929|ERROR|Microsoft.AspNetCore.Diagnostics.DeveloperExceptionPageMiddleware|An unhandled exception has occurred while executing the request.
2021-10-19 15:57:42.8690|INFO|Microsoft.Hosting.Lifetime|Application started. Press Ctrl+C to shut down.
2021-10-19 15:57:42.9039|INFO|Microsoft.Hosting.Lifetime|Hosting environment: Development
2021-10-19 15:57:42.9109|INFO|Microsoft.Hosting.Lifetime|Content root path: D:\pyme-finance-api
2021-10-19 15:58:33.2872|INFO|Microsoft.Hosting.Lifetime|Application started. Press Ctrl+C to shut down.
2021-10-19 15:58:33.3174|INFO|Microsoft.Hosting.Lifetime|Hosting environment: Development
2021-10-19 15:58:33.3174|INFO|Microsoft.Hosting.Lifetime|Content root path: D:\pyme-finance-api
2021-10-19 16:08:21.5189|INFO|Microsoft.Hosting.Lifetime|Application started. Press Ctrl+C to shut down.
2021-10-19 16:08:21.5575|INFO|Microsoft.Hosting.Lifetime|Hosting environment: Development
2021-10-19 16:08:21.5632|INFO|Microsoft.Hosting.Lifetime|Content root path: D:\pyme-finance-api
2021-10-19 16:09:21.4173|INFO|Microsoft.Hosting.Lifetime|Application started. Press Ctrl+C to shut down.
2021-10-19 16:09:21.4505|INFO|Microsoft.Hosting.Lifetime|Hosting environment: Development
2021-10-19 16:09:21.4560|INFO|Microsoft.Hosting.Lifetime|Content root path: D:\pyme-finance-api
2021-10-19 16:09:44.3796|ERROR|Microsoft.AspNetCore.Diagnostics.DeveloperExceptionPageMiddleware|An unhandled exception has occurred while executing the request.
2021-10-19 16:09:58.2603|ERROR|Microsoft.AspNetCore.Diagnostics.DeveloperExceptionPageMiddleware|An unhandled exception has occurred while executing the request.
2021-10-19 16:11:08.3915|INFO|Microsoft.Hosting.Lifetime|Application started. Press Ctrl+C to shut down.
2021-10-19 16:11:08.4327|INFO|Microsoft.Hosting.Lifetime|Hosting environment: Development
2021-10-19 16:11:08.4408|INFO|Microsoft.Hosting.Lifetime|Content root path: D:\pyme-finance-api
2021-10-19 16:12:27.3946|INFO|Microsoft.Hosting.Lifetime|Application started. Press Ctrl+C to shut down.
2021-10-19 16:12:27.4322|INFO|Microsoft.Hosting.Lifetime|Hosting environment: Development
2021-10-19 16:12:27.4429|INFO|Microsoft.Hosting.Lifetime|Content root path: D:\pyme-finance-api
2021-10-19 16:12:50.2771|ERROR|Microsoft.AspNetCore.Diagnostics.DeveloperExceptionPageMiddleware|An unhandled exception has occurred while executing the request.
2021-10-19 16:19:28.7472|INFO|Microsoft.Hosting.Lifetime|Application started. Press Ctrl+C to shut down.
2021-10-19 16:19:28.7748|INFO|Microsoft.Hosting.Lifetime|Hosting environment: Development
2021-10-19 16:19:28.7748|INFO|Microsoft.Hosting.Lifetime|Content root path: D:\pyme-finance-api
2021-10-19 16:20:00.3713|ERROR|Microsoft.AspNetCore.Diagnostics.DeveloperExceptionPageMiddleware|An unhandled exception has occurred while executing the request.
2021-10-19 16:20:32.0329|ERROR|Microsoft.AspNetCore.Diagnostics.DeveloperExceptionPageMiddleware|An unhandled exception has occurred while executing the request.
2021-10-19 16:21:02.6310|INFO|Microsoft.Hosting.Lifetime|Application started. Press Ctrl+C to shut down.
2021-10-19 16:21:02.6629|INFO|Microsoft.Hosting.Lifetime|Hosting environment: Development
2021-10-19 16:21:02.6707|INFO|Microsoft.Hosting.Lifetime|Content root path: D:\pyme-finance-api
2021-10-19 16:21:25.5770|ERROR|Microsoft.AspNetCore.Diagnostics.DeveloperExceptionPageMiddleware|An unhandled exception has occurred while executing the request.
2021-10-19 16:21:39.6007|ERROR|Microsoft.AspNetCore.Diagnostics.DeveloperExceptionPageMiddleware|An unhandled exception has occurred while executing the request.
2021-10-19 16:23:30.0984|INFO|Microsoft.Hosting.Lifetime|Application started. Press Ctrl+C to shut down.
2021-10-19 16:23:30.1250|INFO|Microsoft.Hosting.Lifetime|Hosting environment: Development
2021-10-19 16:23:30.1250|INFO|Microsoft.Hosting.Lifetime|Content root path: D:\pyme-finance-api
2021-10-19 16:24:44.4330|ERROR|Microsoft.AspNetCore.Diagnostics.DeveloperExceptionPageMiddleware|An unhandled exception has occurred while executing the request.
2021-10-19 16:38:23.2871|INFO|Microsoft.Hosting.Lifetime|Application started. Press Ctrl+C to shut down.
2021-10-19 16:38:23.3123|INFO|Microsoft.Hosting.Lifetime|Hosting environment: Development
2021-10-19 16:38:23.3123|INFO|Microsoft.Hosting.Lifetime|Content root path: D:\pyme-finance-api
2021-10-19 16:40:30.8985|INFO|Microsoft.Hosting.Lifetime|Application started. Press Ctrl+C to shut down.
2021-10-19 16:40:30.9269|INFO|Microsoft.Hosting.Lifetime|Hosting environment: Development
2021-10-19 16:40:30.9269|INFO|Microsoft.Hosting.Lifetime|Content root path: D:\pyme-finance-api
2021-10-19 16:49:55.7338|INFO|pyme_finance_api.Controllers.Auth.LoginController|Class:LoginController | Method:Login | Start method |Params pyme_finance_api.Models.Authentication.Users
2021-10-19 16:49:55.9212|INFO|pyme_finance_api.Controllers.Auth.LoginController|Class:LoginController | Method:LoginSuccess | Complete method
2021-10-19 16:58:19.0935|INFO|pyme_finance_api.Controllers.Auth.LoginController|Class:LoginController | Method:Login | Start method |Params pyme_finance_api.Models.Authentication.Users
2021-10-19 16:58:19.2093|INFO|pyme_finance_api.Controllers.Auth.LoginController|Class:LoginController | Method:LoginSuccess | Complete method
2021-10-19 16:59:57.0506|INFO|pyme_finance_api.Controllers.Auth.LoginController|Class:LoginController | Method:Login | Start method |Params pyme_finance_api.Models.Authentication.Users
2021-10-19 16:59:57.0887|INFO|pyme_finance_api.Controllers.Auth.LoginController|Class:LoginController | Method:LoginSuccess | Complete method
2021-10-19 17:03:48.8529|INFO|pyme_finance_api.Controllers.Auth.LoginController|Class:LoginController | Method:Login | Start method |Params pyme_finance_api.Models.Authentication.Users
2021-10-19 17:03:48.9150|INFO|pyme_finance_api.Controllers.Auth.LoginController|Class:LoginController | Method:LoginSuccess | Complete method
