2021-10-25 08:35:02.1062|INFO|Microsoft.Hosting.Lifetime|Application started. Press Ctrl+C to shut down.
2021-10-25 08:35:02.2093|INFO|Microsoft.Hosting.Lifetime|Hosting environment: Development
2021-10-25 08:35:02.2093|INFO|Microsoft.Hosting.Lifetime|Content root path: D:\pyme-finance-api
2021-10-25 08:36:30.0328|INFO|pyme_finance_api.Controllers.Auth.LoginController|Class:LoginController | Method:Login | Start method |Params pyme_finance_api.Models.Authentication.Users
2021-10-25 08:36:32.2115|INFO|pyme_finance_api.Controllers.Auth.LoginController|Class:LoginController | Method:LoginSuccess | Complete method
2021-10-25 08:57:05.1573|INFO|pyme_finance_api.Controllers.Auth.LoginController|Class:LoginController | Method:Login | Start method |Params pyme_finance_api.Models.Authentication.Users
2021-10-25 08:57:05.2618|INFO|pyme_finance_api.Controllers.Auth.LoginController|Class:LoginController | Method:LoginSuccess | Complete method
2021-10-25 09:27:25.4083|INFO|pyme_finance_api.Controllers.Auth.LoginController|Class:LoginController | Method:Login | Start method |Params pyme_finance_api.Models.Authentication.Users
2021-10-25 09:27:25.4908|INFO|pyme_finance_api.Controllers.Auth.LoginController|Class:LoginController | Method:LoginSuccess | Complete method
2021-10-25 09:29:55.4165|INFO|pyme_finance_api.Controllers.Auth.LoginController|Class:LoginController | Method:Login | Start method |Params pyme_finance_api.Models.Authentication.Users
2021-10-25 09:29:55.4519|INFO|pyme_finance_api.Controllers.Auth.LoginController|Class:LoginController | Method:LoginSuccess | Complete method
2021-10-25 09:38:31.6238|INFO|pyme_finance_api.Controllers.Auth.LoginController|Class:LoginController | Method:Login | Start method |Params pyme_finance_api.Models.Authentication.Users
2021-10-25 09:38:31.7204|INFO|pyme_finance_api.Controllers.Auth.LoginController|Class:LoginController | Method:LoginSuccess | Complete method
2021-10-25 09:42:29.1461|INFO|pyme_finance_api.Controllers.Auth.LoginController|Class:LoginController | Method:Login | Start method |Params pyme_finance_api.Models.Authentication.Users
2021-10-25 09:42:29.2076|INFO|pyme_finance_api.Controllers.Auth.LoginController|Class:LoginController | Method:LoginSuccess | Complete method
2021-10-25 09:54:49.2519|INFO|Microsoft.Hosting.Lifetime|Application started. Press Ctrl+C to shut down.
2021-10-25 09:54:49.2727|INFO|Microsoft.Hosting.Lifetime|Hosting environment: Development
2021-10-25 09:54:49.2727|INFO|Microsoft.Hosting.Lifetime|Content root path: D:\pyme-finance-api
2021-10-25 09:54:59.0445|INFO|pyme_finance_api.Controllers.Auth.LoginController|Class:LoginController | Method:Login | Start method |Params pyme_finance_api.Models.Authentication.Users
2021-10-25 09:54:59.7495|INFO|pyme_finance_api.Controllers.Auth.LoginController|Class:LoginController | Method:LoginSuccess | Complete method
2021-10-25 09:57:08.1564|INFO|Microsoft.Hosting.Lifetime|Application started. Press Ctrl+C to shut down.
2021-10-25 09:57:08.1879|INFO|Microsoft.Hosting.Lifetime|Hosting environment: Development
2021-10-25 09:57:08.1939|INFO|Microsoft.Hosting.Lifetime|Content root path: D:\pyme-finance-api
2021-10-25 09:59:28.2810|INFO|pyme_finance_api.Controllers.Auth.LoginController|Class:LoginController | Method:Login | Start method |Params pyme_finance_api.Models.Authentication.Users
2021-10-25 09:59:28.4074|INFO|pyme_finance_api.Controllers.Auth.LoginController|Class:LoginController | Method:LoginSuccess | Complete method
2021-10-25 10:02:56.2442|INFO|pyme_finance_api.Controllers.Auth.LoginController|Class:LoginController | Method:Login | Start method |Params pyme_finance_api.Models.Authentication.Users
2021-10-25 10:02:56.3122|INFO|pyme_finance_api.Controllers.Auth.LoginController|Class:LoginController | Method:LoginSuccess | Complete method
2021-10-25 10:09:17.9740|INFO|pyme_finance_api.Controllers.Auth.LoginController|Class:LoginController | Method:Login | Start method |Params pyme_finance_api.Models.Authentication.Users
2021-10-25 10:09:18.3104|INFO|pyme_finance_api.Controllers.Auth.LoginController|Class:LoginController | Method:LoginSuccess | Complete method
2021-10-25 10:11:56.2668|INFO|pyme_finance_api.Controllers.Auth.LoginController|Class:LoginController | Method:Login | Start method |Params pyme_finance_api.Models.Authentication.Users
2021-10-25 10:11:56.3244|INFO|pyme_finance_api.Controllers.Auth.LoginController|Class:LoginController | Method:LoginSuccess | Complete method
2021-10-25 10:21:12.2012|INFO|Microsoft.Hosting.Lifetime|Application started. Press Ctrl+C to shut down.
2021-10-25 10:21:12.2303|INFO|Microsoft.Hosting.Lifetime|Hosting environment: Development
2021-10-25 10:21:12.2392|INFO|Microsoft.Hosting.Lifetime|Content root path: D:\pyme-finance-api
2021-10-25 10:22:25.2824|INFO|Microsoft.Hosting.Lifetime|Application started. Press Ctrl+C to shut down.
2021-10-25 10:22:25.3050|INFO|Microsoft.Hosting.Lifetime|Hosting environment: Development
2021-10-25 10:22:25.3050|INFO|Microsoft.Hosting.Lifetime|Content root path: D:\pyme-finance-api
2021-10-25 10:22:32.1992|INFO|pyme_finance_api.Controllers.Auth.LoginController|Class:LoginController | Method:Login | Start method |Params pyme_finance_api.Models.Authentication.Users
2021-10-25 10:22:32.8777|INFO|pyme_finance_api.Controllers.Auth.LoginController|Class:LoginController | Method:LoginSuccess | Complete method
2021-10-25 10:28:11.2846|INFO|Microsoft.Hosting.Lifetime|Application started. Press Ctrl+C to shut down.
2021-10-25 10:28:11.3090|INFO|Microsoft.Hosting.Lifetime|Hosting environment: Development
2021-10-25 10:28:11.3090|INFO|Microsoft.Hosting.Lifetime|Content root path: D:\pyme-finance-api
2021-10-25 10:28:20.7425|INFO|pyme_finance_api.Controllers.Auth.LoginController|Class:LoginController | Method:Login | Start method |Params pyme_finance_api.Models.Authentication.Users
2021-10-25 10:28:21.4130|INFO|pyme_finance_api.Controllers.Auth.LoginController|Class:LoginController | Method:LoginSuccess | Complete method
2021-10-25 10:31:07.2803|INFO|pyme_finance_api.Controllers.Auth.LoginController|Class:LoginController | Method:Login | Start method |Params pyme_finance_api.Models.Authentication.Users
2021-10-25 10:31:07.3134|INFO|pyme_finance_api.Controllers.Auth.LoginController|Class:LoginController | Method:LoginSuccess | Complete method
2021-10-25 10:39:36.1742|INFO|Microsoft.Hosting.Lifetime|Application started. Press Ctrl+C to shut down.
2021-10-25 10:39:36.1947|INFO|Microsoft.Hosting.Lifetime|Hosting environment: Development
2021-10-25 10:39:36.1947|INFO|Microsoft.Hosting.Lifetime|Content root path: D:\pyme-finance-api
2021-10-25 10:39:54.1562|INFO|pyme_finance_api.Controllers.Auth.LoginController|Class:LoginController | Method:Login | Start method |Params pyme_finance_api.Models.Authentication.Users
2021-10-25 10:39:54.8330|INFO|pyme_finance_api.Controllers.Auth.LoginController|Class:LoginController | Method:LoginSuccess | Complete method
2021-10-25 10:53:42.6222|INFO|pyme_finance_api.Controllers.Auth.LoginController|Class:LoginController | Method:Login | Start method |Params pyme_finance_api.Models.Authentication.Users
2021-10-25 10:53:42.7092|INFO|pyme_finance_api.Controllers.Auth.LoginController|Class:LoginController | Method:LoginSuccess | Complete method
2021-10-25 11:08:06.9567|INFO|pyme_finance_api.Controllers.Auth.LoginController|Class:LoginController | Method:Login | Start method |Params pyme_finance_api.Models.Authentication.Users
2021-10-25 11:08:07.0578|INFO|pyme_finance_api.Controllers.Auth.LoginController|Class:LoginController | Method:LoginSuccess | Complete method
2021-10-25 11:09:27.8711|INFO|pyme_finance_api.Controllers.Auth.LoginController|Class:LoginController | Method:Login | Start method |Params pyme_finance_api.Models.Authentication.Users
2021-10-25 11:09:27.9006|INFO|pyme_finance_api.Controllers.Auth.LoginController|Class:LoginController | Method:LoginSuccess | Complete method
2021-10-25 11:10:30.4958|INFO|pyme_finance_api.Controllers.Auth.LoginController|Class:LoginController | Method:Login | Start method |Params pyme_finance_api.Models.Authentication.Users
2021-10-25 11:10:30.5259|INFO|pyme_finance_api.Controllers.Auth.LoginController|Class:LoginController | Method:LoginSuccess | Complete method
2021-10-25 11:23:19.4158|INFO|Microsoft.Hosting.Lifetime|Application started. Press Ctrl+C to shut down.
2021-10-25 11:23:19.4515|INFO|Microsoft.Hosting.Lifetime|Hosting environment: Development
2021-10-25 11:23:19.4578|INFO|Microsoft.Hosting.Lifetime|Content root path: D:\pyme-finance-api
2021-10-25 11:25:51.7987|INFO|pyme_finance_api.Controllers.Auth.LoginController|Class:LoginController | Method:Login | Start method |Params pyme_finance_api.Models.Authentication.Users
2021-10-25 11:25:52.5415|INFO|pyme_finance_api.Controllers.Auth.LoginController|Class:LoginController | Method:LoginSuccess | Complete method
2021-10-25 11:27:54.4360|INFO|pyme_finance_api.Controllers.Auth.LoginController|Class:LoginController | Method:Login | Start method |Params pyme_finance_api.Models.Authentication.Users
2021-10-25 11:27:54.4701|INFO|pyme_finance_api.Controllers.Auth.LoginController|Class:LoginController | Method:LoginSuccess | Complete method
2021-10-25 11:29:03.7714|INFO|pyme_finance_api.Controllers.Auth.LoginController|Class:LoginController | Method:Login | Start method |Params pyme_finance_api.Models.Authentication.Users
2021-10-25 11:29:03.8043|INFO|pyme_finance_api.Controllers.Auth.LoginController|Class:LoginController | Method:LoginSuccess | Complete method
2021-10-25 11:30:00.0417|INFO|pyme_finance_api.Controllers.Auth.LoginController|Class:LoginController | Method:Login | Start method |Params pyme_finance_api.Models.Authentication.Users
2021-10-25 11:30:00.0831|INFO|pyme_finance_api.Controllers.Auth.LoginController|Class:LoginController | Method:LoginSuccess | Complete method
2021-10-25 11:31:05.6918|INFO|pyme_finance_api.Controllers.Auth.LoginController|Class:LoginController | Method:Login | Start method |Params pyme_finance_api.Models.Authentication.Users
2021-10-25 11:31:05.7785|INFO|pyme_finance_api.Controllers.Auth.LoginController|Class:LoginController | Method:LoginSuccess | Complete method
2021-10-25 11:32:56.3814|INFO|pyme_finance_api.Controllers.Auth.LoginController|Class:LoginController | Method:Login | Start method |Params pyme_finance_api.Models.Authentication.Users
2021-10-25 11:32:56.4422|INFO|pyme_finance_api.Controllers.Auth.LoginController|Class:LoginController | Method:LoginSuccess | Complete method
2021-10-25 11:33:39.4525|INFO|pyme_finance_api.Controllers.Auth.LoginController|Class:LoginController | Method:Login | Start method |Params pyme_finance_api.Models.Authentication.Users
2021-10-25 11:33:39.4859|INFO|pyme_finance_api.Controllers.Auth.LoginController|Class:LoginController | Method:LoginSuccess | Complete method
2021-10-25 11:41:20.6911|INFO|pyme_finance_api.Controllers.Auth.LoginController|Class:LoginController | Method:Login | Start method |Params pyme_finance_api.Models.Authentication.Users
2021-10-25 11:41:20.8081|INFO|pyme_finance_api.Controllers.Auth.LoginController|Class:LoginController | Method:LoginSuccess | Complete method
2021-10-25 11:42:12.3811|INFO|pyme_finance_api.Controllers.Auth.LoginController|Class:LoginController | Method:Login | Start method |Params pyme_finance_api.Models.Authentication.Users
2021-10-25 11:42:12.4134|INFO|pyme_finance_api.Controllers.Auth.LoginController|Class:LoginController | Method:LoginSuccess | Complete method
2021-10-25 11:46:28.6534|INFO|pyme_finance_api.Controllers.Auth.LoginController|Class:LoginController | Method:Login | Start method |Params pyme_finance_api.Models.Authentication.Users
2021-10-25 11:46:28.7391|INFO|pyme_finance_api.Controllers.Auth.LoginController|Class:LoginController | Method:LoginSuccess | Complete method
2021-10-25 11:50:34.7675|INFO|Microsoft.Hosting.Lifetime|Application started. Press Ctrl+C to shut down.
2021-10-25 11:50:34.7873|INFO|Microsoft.Hosting.Lifetime|Hosting environment: Development
2021-10-25 11:50:34.7873|INFO|Microsoft.Hosting.Lifetime|Content root path: D:\pyme-finance-api
2021-10-25 11:50:40.7061|INFO|pyme_finance_api.Controllers.Auth.LoginController|Class:LoginController | Method:Login | Start method |Params pyme_finance_api.Models.Authentication.Users
2021-10-25 11:50:41.4211|INFO|pyme_finance_api.Controllers.Auth.LoginController|Class:LoginController | Method:LoginSuccess | Complete method
2021-10-25 11:52:50.4551|INFO|pyme_finance_api.Controllers.Auth.LoginController|Class:LoginController | Method:Login | Start method |Params pyme_finance_api.Models.Authentication.Users
2021-10-25 11:52:50.4873|INFO|pyme_finance_api.Controllers.Auth.LoginController|Class:LoginController | Method:LoginSuccess | Complete method
2021-10-25 11:55:03.8904|INFO|pyme_finance_api.Controllers.Auth.LoginController|Class:LoginController | Method:Login | Start method |Params pyme_finance_api.Models.Authentication.Users
2021-10-25 11:55:03.9323|INFO|pyme_finance_api.Controllers.Auth.LoginController|Class:LoginController | Method:LoginSuccess | Complete method
2021-10-25 12:02:05.2172|INFO|Microsoft.Hosting.Lifetime|Application started. Press Ctrl+C to shut down.
2021-10-25 12:02:05.2435|INFO|Microsoft.Hosting.Lifetime|Hosting environment: Development
2021-10-25 12:02:05.2435|INFO|Microsoft.Hosting.Lifetime|Content root path: D:\pyme-finance-api
2021-10-25 12:05:25.7519|INFO|Microsoft.Hosting.Lifetime|Application started. Press Ctrl+C to shut down.
2021-10-25 12:05:25.7793|INFO|Microsoft.Hosting.Lifetime|Hosting environment: Development
2021-10-25 12:05:25.7874|INFO|Microsoft.Hosting.Lifetime|Content root path: D:\pyme-finance-api
2021-10-25 12:05:37.4543|INFO|Microsoft.Hosting.Lifetime|Application started. Press Ctrl+C to shut down.
2021-10-25 12:05:37.4752|INFO|Microsoft.Hosting.Lifetime|Hosting environment: Development
2021-10-25 12:05:37.4752|INFO|Microsoft.Hosting.Lifetime|Content root path: D:\pyme-finance-api
2021-10-25 12:18:39.6406|INFO|Microsoft.Hosting.Lifetime|Application started. Press Ctrl+C to shut down.
2021-10-25 12:18:39.6658|INFO|Microsoft.Hosting.Lifetime|Hosting environment: Development
2021-10-25 12:18:39.6658|INFO|Microsoft.Hosting.Lifetime|Content root path: D:\pyme-finance-api
2021-10-25 12:18:46.6120|INFO|pyme_finance_api.Controllers.Auth.LoginController|Class:LoginController | Method:Login | Start method |Params pyme_finance_api.Models.Authentication.Users
2021-10-25 12:18:47.2722|INFO|pyme_finance_api.Controllers.Auth.LoginController|Class:LoginController | Method:LoginSuccess | Complete method
2021-10-25 12:28:46.3846|INFO|pyme_finance_api.Controllers.Auth.LoginController|Class:LoginController | Method:Login | Start method |Params pyme_finance_api.Models.Authentication.Users
2021-10-25 12:28:46.4577|INFO|pyme_finance_api.Controllers.Auth.LoginController|Class:LoginController | Method:LoginSuccess | Complete method
2021-10-25 12:30:50.6514|INFO|pyme_finance_api.Controllers.Auth.LoginController|Class:LoginController | Method:Login | Start method |Params pyme_finance_api.Models.Authentication.Users
2021-10-25 12:30:50.6809|INFO|pyme_finance_api.Controllers.Auth.LoginController|Class:LoginController | Method:LoginSuccess | Complete method
2021-10-25 12:32:31.8035|INFO|pyme_finance_api.Controllers.Auth.LoginController|Class:LoginController | Method:Login | Start method |Params pyme_finance_api.Models.Authentication.Users
2021-10-25 12:32:31.8330|INFO|pyme_finance_api.Controllers.Auth.LoginController|Class:LoginController | Method:LoginSuccess | Complete method
2021-10-25 12:49:10.4578|INFO|Microsoft.Hosting.Lifetime|Application started. Press Ctrl+C to shut down.
2021-10-25 12:49:10.4796|INFO|Microsoft.Hosting.Lifetime|Hosting environment: Development
2021-10-25 12:49:10.4796|INFO|Microsoft.Hosting.Lifetime|Content root path: D:\pyme-finance-api
2021-10-25 12:49:25.3263|INFO|pyme_finance_api.Controllers.Auth.LoginController|Class:LoginController | Method:Login | Start method |Params pyme_finance_api.Models.Authentication.Users
2021-10-25 12:49:26.0877|INFO|pyme_finance_api.Controllers.Auth.LoginController|Class:LoginController | Method:LoginSuccess | Complete method
2021-10-25 13:01:48.7423|INFO|Microsoft.Hosting.Lifetime|Application started. Press Ctrl+C to shut down.
2021-10-25 13:01:48.7645|INFO|Microsoft.Hosting.Lifetime|Hosting environment: Development
2021-10-25 13:01:48.7714|INFO|Microsoft.Hosting.Lifetime|Content root path: D:\pyme-finance-api
2021-10-25 13:01:56.2298|INFO|pyme_finance_api.Controllers.Auth.LoginController|Class:LoginController | Method:Login | Start method |Params pyme_finance_api.Models.Authentication.Users
2021-10-25 13:01:57.0286|INFO|pyme_finance_api.Controllers.Auth.LoginController|Class:LoginController | Method:LoginSuccess | Complete method
2021-10-25 14:32:19.0075|INFO|Microsoft.Hosting.Lifetime|Application started. Press Ctrl+C to shut down.
2021-10-25 14:32:19.0323|INFO|Microsoft.Hosting.Lifetime|Hosting environment: Development
2021-10-25 14:32:19.0323|INFO|Microsoft.Hosting.Lifetime|Content root path: D:\pyme-finance-api
2021-10-25 14:32:26.0026|INFO|pyme_finance_api.Controllers.Auth.LoginController|Class:LoginController | Method:Login | Start method |Params pyme_finance_api.Models.Authentication.Users
2021-10-25 14:32:27.2564|INFO|pyme_finance_api.Controllers.Auth.LoginController|Class:LoginController | Method:LoginSuccess | Complete method
2021-10-25 14:51:27.5541|INFO|pyme_finance_api.Controllers.Auth.LoginController|Class:LoginController | Method:Login | Start method |Params pyme_finance_api.Models.Authentication.Users
2021-10-25 14:51:27.6258|INFO|pyme_finance_api.Controllers.Auth.LoginController|Class:LoginController | Method:LoginSuccess | Complete method
2021-10-25 14:52:32.2331|INFO|pyme_finance_api.Controllers.Auth.LoginController|Class:LoginController | Method:Login | Start method |Params pyme_finance_api.Models.Authentication.Users
2021-10-25 14:52:32.2633|INFO|pyme_finance_api.Controllers.Auth.LoginController|Class:LoginController | Method:LoginSuccess | Complete method
2021-10-25 14:56:25.8511|INFO|Microsoft.Hosting.Lifetime|Application started. Press Ctrl+C to shut down.
2021-10-25 14:56:25.8757|INFO|Microsoft.Hosting.Lifetime|Hosting environment: Development
2021-10-25 14:56:25.8757|INFO|Microsoft.Hosting.Lifetime|Content root path: D:\pyme-finance-api
2021-10-25 14:56:56.6715|INFO|Microsoft.Hosting.Lifetime|Application started. Press Ctrl+C to shut down.
2021-10-25 14:56:56.6954|INFO|Microsoft.Hosting.Lifetime|Hosting environment: Development
2021-10-25 14:56:56.6997|INFO|Microsoft.Hosting.Lifetime|Content root path: D:\pyme-finance-api
2021-10-25 14:58:15.7181|INFO|pyme_finance_api.Controllers.Auth.LoginController|Class:LoginController | Method:Login | Start method |Params pyme_finance_api.Models.Authentication.Users
2021-10-25 14:58:16.4347|INFO|pyme_finance_api.Controllers.Auth.LoginController|Class:LoginController | Method:LoginSuccess | Complete method
2021-10-25 15:03:29.6165|INFO|pyme_finance_api.Controllers.Auth.LoginController|Class:LoginController | Method:Login | Start method |Params pyme_finance_api.Models.Authentication.Users
2021-10-25 15:03:29.7073|INFO|pyme_finance_api.Controllers.Auth.LoginController|Class:LoginController | Method:LoginSuccess | Complete method
2021-10-25 15:05:59.9328|INFO|pyme_finance_api.Controllers.Auth.LoginController|Class:LoginController | Method:Login | Start method |Params pyme_finance_api.Models.Authentication.Users
2021-10-25 15:05:59.9867|INFO|pyme_finance_api.Controllers.Auth.LoginController|Class:LoginController | Method:LoginSuccess | Complete method
2021-10-25 15:18:13.6579|INFO|pyme_finance_api.Controllers.Auth.LoginController|Class:LoginController | Method:Login | Start method |Params pyme_finance_api.Models.Authentication.Users
2021-10-25 15:18:13.7843|INFO|pyme_finance_api.Controllers.Auth.LoginController|Class:LoginController | Method:LoginSuccess | Complete method
2021-10-25 15:19:32.3679|INFO|pyme_finance_api.Controllers.Auth.LoginController|Class:LoginController | Method:Login | Start method |Params pyme_finance_api.Models.Authentication.Users
2021-10-25 15:19:32.4113|INFO|pyme_finance_api.Controllers.Auth.LoginController|Class:LoginController | Method:LoginSuccess | Complete method
2021-10-25 15:22:16.5992|INFO|Microsoft.Hosting.Lifetime|Application started. Press Ctrl+C to shut down.
2021-10-25 15:22:16.6244|INFO|Microsoft.Hosting.Lifetime|Hosting environment: Development
2021-10-25 15:22:16.6244|INFO|Microsoft.Hosting.Lifetime|Content root path: D:\pyme-finance-api
2021-10-25 15:22:22.1259|INFO|pyme_finance_api.Controllers.Auth.LoginController|Class:LoginController | Method:Login | Start method |Params pyme_finance_api.Models.Authentication.Users
2021-10-25 15:22:22.9557|INFO|pyme_finance_api.Controllers.Auth.LoginController|Class:LoginController | Method:LoginSuccess | Complete method
2021-10-25 15:28:35.7023|INFO|pyme_finance_api.Controllers.Auth.LoginController|Class:LoginController | Method:Login | Start method |Params pyme_finance_api.Models.Authentication.Users
2021-10-25 15:28:35.7904|INFO|pyme_finance_api.Controllers.Auth.LoginController|Class:LoginController | Method:LoginSuccess | Complete method
2021-10-25 15:39:07.2800|INFO|pyme_finance_api.Controllers.Auth.LoginController|Class:LoginController | Method:Login | Start method |Params pyme_finance_api.Models.Authentication.Users
2021-10-25 15:39:07.3862|INFO|pyme_finance_api.Controllers.Auth.LoginController|Class:LoginController | Method:LoginSuccess | Complete method
2021-10-25 15:53:16.2448|INFO|pyme_finance_api.Controllers.Auth.LoginController|Class:LoginController | Method:Login | Start method |Params pyme_finance_api.Models.Authentication.Users
2021-10-25 15:53:16.3036|INFO|pyme_finance_api.Controllers.Auth.LoginController|Class:LoginController | Method:LoginSuccess | Complete method
2021-10-25 16:00:36.5079|INFO|pyme_finance_api.Controllers.Auth.LoginController|Class:LoginController | Method:Login | Start method |Params pyme_finance_api.Models.Authentication.Users
2021-10-25 16:00:36.5670|INFO|pyme_finance_api.Controllers.Auth.LoginController|Class:LoginController | Method:LoginSuccess | Complete method
2021-10-25 16:03:51.2836|INFO|Microsoft.Hosting.Lifetime|Application started. Press Ctrl+C to shut down.
2021-10-25 16:03:51.3109|INFO|Microsoft.Hosting.Lifetime|Hosting environment: Development
2021-10-25 16:03:51.3109|INFO|Microsoft.Hosting.Lifetime|Content root path: D:\pyme-finance-api
2021-10-25 16:04:06.8672|INFO|pyme_finance_api.Controllers.Auth.LoginController|Class:LoginController | Method:Login | Start method |Params pyme_finance_api.Models.Authentication.Users
2021-10-25 16:04:07.5984|INFO|pyme_finance_api.Controllers.Auth.LoginController|Class:LoginController | Method:LoginSuccess | Complete method
2021-10-25 16:06:34.0394|INFO|pyme_finance_api.Controllers.Auth.LoginController|Class:LoginController | Method:Login | Start method |Params pyme_finance_api.Models.Authentication.Users
2021-10-25 16:06:34.0727|INFO|pyme_finance_api.Controllers.Auth.LoginController|Class:LoginController | Method:LoginSuccess | Complete method
2021-10-25 16:07:17.4712|INFO|pyme_finance_api.Controllers.Auth.LoginController|Class:LoginController | Method:Login | Start method |Params pyme_finance_api.Models.Authentication.Users
2021-10-25 16:07:17.5199|INFO|pyme_finance_api.Controllers.Auth.LoginController|Class:LoginController | Method:LoginSuccess | Complete method
2021-10-25 16:10:35.5144|INFO|pyme_finance_api.Controllers.Auth.LoginController|Class:LoginController | Method:Login | Start method |Params pyme_finance_api.Models.Authentication.Users
2021-10-25 16:10:35.5814|INFO|pyme_finance_api.Controllers.Auth.LoginController|Class:LoginController | Method:LoginSuccess | Complete method
2021-10-25 16:12:22.3379|INFO|pyme_finance_api.Controllers.Auth.LoginController|Class:LoginController | Method:Login | Start method |Params pyme_finance_api.Models.Authentication.Users
2021-10-25 16:12:22.3858|INFO|pyme_finance_api.Controllers.Auth.LoginController|Class:LoginController | Method:LoginSuccess | Complete method
2021-10-25 16:13:50.6691|INFO|pyme_finance_api.Controllers.Auth.LoginController|Class:LoginController | Method:Login | Start method |Params pyme_finance_api.Models.Authentication.Users
2021-10-25 16:13:50.7070|INFO|pyme_finance_api.Controllers.Auth.LoginController|Class:LoginController | Method:LoginSuccess | Complete method
2021-10-25 16:15:07.0250|ERROR|Microsoft.AspNetCore.Diagnostics.DeveloperExceptionPageMiddleware|An unhandled exception has occurred while executing the request.
2021-10-25 16:30:34.3451|INFO|Microsoft.Hosting.Lifetime|Application started. Press Ctrl+C to shut down.
2021-10-25 16:30:34.3766|INFO|Microsoft.Hosting.Lifetime|Hosting environment: Development
2021-10-25 16:30:34.3766|INFO|Microsoft.Hosting.Lifetime|Content root path: D:\pyme-finance-api
2021-10-25 16:39:44.3136|INFO|pyme_finance_api.Controllers.Auth.LoginController|Class:LoginController | Method:Login | Start method |Params pyme_finance_api.Models.Authentication.Users
2021-10-25 16:39:44.4660|INFO|pyme_finance_api.Controllers.Auth.LoginController|Class:LoginController | Method:LoginSuccess | Complete method
2021-10-25 16:40:48.6052|INFO|pyme_finance_api.Controllers.Auth.LoginController|Class:LoginController | Method:Login | Start method |Params pyme_finance_api.Models.Authentication.Users
2021-10-25 16:40:48.6346|INFO|pyme_finance_api.Controllers.Auth.LoginController|Class:LoginController | Method:LoginSuccess | Complete method
2021-10-25 16:42:44.4402|INFO|pyme_finance_api.Controllers.Auth.LoginController|Class:LoginController | Method:Login | Start method |Params pyme_finance_api.Models.Authentication.Users
2021-10-25 16:42:44.5041|INFO|pyme_finance_api.Controllers.Auth.LoginController|Class:LoginController | Method:LoginSuccess | Complete method
