2021-10-28 10:30:55.7663|INFO|Microsoft.Hosting.Lifetime|Application started. Press Ctrl+C to shut down.
2021-10-28 10:30:55.8023|INFO|Microsoft.Hosting.Lifetime|Hosting environment: Development
2021-10-28 10:30:55.8118|INFO|Microsoft.Hosting.Lifetime|Content root path: D:\pyme-finance-api
2021-10-28 10:32:56.7500|INFO|Microsoft.Hosting.Lifetime|Application started. Press Ctrl+C to shut down.
2021-10-28 10:32:56.7778|INFO|Microsoft.Hosting.Lifetime|Hosting environment: Development
2021-10-28 10:32:56.7778|INFO|Microsoft.Hosting.Lifetime|Content root path: D:\pyme-finance-api
2021-10-28 10:40:00.4187|INFO|Microsoft.Hosting.Lifetime|Application started. Press Ctrl+C to shut down.
2021-10-28 10:40:00.4466|INFO|Microsoft.Hosting.Lifetime|Hosting environment: Development
2021-10-28 10:40:00.4540|INFO|Microsoft.Hosting.Lifetime|Content root path: D:\pyme-finance-api
2021-10-28 10:46:04.6240|INFO|Microsoft.Hosting.Lifetime|Application started. Press Ctrl+C to shut down.
2021-10-28 10:46:04.6624|INFO|Microsoft.Hosting.Lifetime|Hosting environment: Development
2021-10-28 10:46:04.6692|INFO|Microsoft.Hosting.Lifetime|Content root path: D:\pyme-finance-api
2021-10-28 10:49:06.6761|ERROR|Microsoft.AspNetCore.Diagnostics.DeveloperExceptionPageMiddleware|An unhandled exception has occurred while executing the request.
2021-10-28 10:53:48.4544|INFO|Microsoft.Hosting.Lifetime|Application started. Press Ctrl+C to shut down.
2021-10-28 10:53:48.4854|INFO|Microsoft.Hosting.Lifetime|Hosting environment: Development
2021-10-28 10:53:48.4854|INFO|Microsoft.Hosting.Lifetime|Content root path: D:\pyme-finance-api
2021-10-28 10:55:36.9340|INFO|Microsoft.Hosting.Lifetime|Application started. Press Ctrl+C to shut down.
2021-10-28 10:55:36.9758|INFO|Microsoft.Hosting.Lifetime|Hosting environment: Development
2021-10-28 10:55:36.9813|INFO|Microsoft.Hosting.Lifetime|Content root path: D:\pyme-finance-api
2021-10-28 10:56:49.1295|INFO|Microsoft.Hosting.Lifetime|Application started. Press Ctrl+C to shut down.
2021-10-28 10:56:49.1597|INFO|Microsoft.Hosting.Lifetime|Hosting environment: Development
2021-10-28 10:56:49.1597|INFO|Microsoft.Hosting.Lifetime|Content root path: D:\pyme-finance-api
2021-10-28 10:58:32.0630|INFO|Microsoft.Hosting.Lifetime|Application started. Press Ctrl+C to shut down.
2021-10-28 10:58:32.0897|INFO|Microsoft.Hosting.Lifetime|Hosting environment: Development
2021-10-28 10:58:32.0954|INFO|Microsoft.Hosting.Lifetime|Content root path: D:\pyme-finance-api
2021-10-28 11:04:25.2403|INFO|Microsoft.Hosting.Lifetime|Application started. Press Ctrl+C to shut down.
2021-10-28 11:04:25.2681|INFO|Microsoft.Hosting.Lifetime|Hosting environment: Development
2021-10-28 11:04:25.2681|INFO|Microsoft.Hosting.Lifetime|Content root path: D:\pyme-finance-api
2021-10-28 11:11:07.6543|INFO|Microsoft.Hosting.Lifetime|Application started. Press Ctrl+C to shut down.
2021-10-28 11:11:07.6897|INFO|Microsoft.Hosting.Lifetime|Hosting environment: Development
2021-10-28 11:11:07.6897|INFO|Microsoft.Hosting.Lifetime|Content root path: D:\pyme-finance-api
2021-10-28 11:12:06.7810|INFO|Microsoft.Hosting.Lifetime|Application started. Press Ctrl+C to shut down.
2021-10-28 11:12:06.8163|INFO|Microsoft.Hosting.Lifetime|Hosting environment: Development
2021-10-28 11:12:06.8254|INFO|Microsoft.Hosting.Lifetime|Content root path: D:\pyme-finance-api
2021-10-28 11:12:17.4082|INFO|pyme_finance_api.Controllers.Auth.LoginController|Class:LoginController | Method:Login | Start method |Params pyme_finance_api.Models.Authentication.Users
2021-10-28 11:12:18.2998|INFO|pyme_finance_api.Controllers.Auth.LoginController|Class:LoginController | Method:LoginSuccess | Complete method
2021-10-28 11:14:27.5532|INFO|Microsoft.Hosting.Lifetime|Application started. Press Ctrl+C to shut down.
2021-10-28 11:14:27.5804|INFO|Microsoft.Hosting.Lifetime|Hosting environment: Development
2021-10-28 11:14:27.5804|INFO|Microsoft.Hosting.Lifetime|Content root path: D:\pyme-finance-api
2021-10-28 11:17:48.0186|INFO|Microsoft.Hosting.Lifetime|Application started. Press Ctrl+C to shut down.
2021-10-28 11:17:48.0452|INFO|Microsoft.Hosting.Lifetime|Hosting environment: Development
2021-10-28 11:17:48.0452|INFO|Microsoft.Hosting.Lifetime|Content root path: D:\pyme-finance-api
2021-10-28 11:20:44.1641|INFO|Microsoft.Hosting.Lifetime|Application started. Press Ctrl+C to shut down.
2021-10-28 11:20:44.1910|INFO|Microsoft.Hosting.Lifetime|Hosting environment: Development
2021-10-28 11:20:44.1910|INFO|Microsoft.Hosting.Lifetime|Content root path: D:\pyme-finance-api
2021-10-28 11:22:36.9036|INFO|Microsoft.Hosting.Lifetime|Application started. Press Ctrl+C to shut down.
2021-10-28 11:22:36.9369|INFO|Microsoft.Hosting.Lifetime|Hosting environment: Development
2021-10-28 11:22:36.9369|INFO|Microsoft.Hosting.Lifetime|Content root path: D:\pyme-finance-api
2021-10-28 11:32:13.5547|INFO|Microsoft.Hosting.Lifetime|Application started. Press Ctrl+C to shut down.
2021-10-28 11:32:13.5875|INFO|Microsoft.Hosting.Lifetime|Hosting environment: Development
2021-10-28 11:32:13.5933|INFO|Microsoft.Hosting.Lifetime|Content root path: D:\pyme-finance-api
2021-10-28 11:35:49.9533|INFO|Microsoft.Hosting.Lifetime|Application started. Press Ctrl+C to shut down.
2021-10-28 11:35:49.9823|INFO|Microsoft.Hosting.Lifetime|Hosting environment: Development
2021-10-28 11:35:49.9823|INFO|Microsoft.Hosting.Lifetime|Content root path: D:\pyme-finance-api
2021-10-28 11:43:43.8285|INFO|Microsoft.Hosting.Lifetime|Application started. Press Ctrl+C to shut down.
2021-10-28 11:43:43.8617|INFO|Microsoft.Hosting.Lifetime|Hosting environment: Development
2021-10-28 11:43:43.8617|INFO|Microsoft.Hosting.Lifetime|Content root path: D:\pyme-finance-api
2021-10-28 11:48:54.1535|INFO|Microsoft.Hosting.Lifetime|Application started. Press Ctrl+C to shut down.
2021-10-28 11:48:54.1837|INFO|Microsoft.Hosting.Lifetime|Hosting environment: Development
2021-10-28 11:48:54.1889|INFO|Microsoft.Hosting.Lifetime|Content root path: D:\pyme-finance-api
2021-10-28 11:52:54.2821|INFO|Microsoft.Hosting.Lifetime|Application started. Press Ctrl+C to shut down.
2021-10-28 11:52:54.3084|INFO|Microsoft.Hosting.Lifetime|Hosting environment: Development
2021-10-28 11:52:54.3084|INFO|Microsoft.Hosting.Lifetime|Content root path: D:\pyme-finance-api
2021-10-28 11:52:59.2348|INFO|pyme_finance_api.Controllers.Auth.LoginController|Class:LoginController | Method:Login | Start method |Params pyme_finance_api.Models.Authentication.Users
2021-10-28 11:53:00.0285|INFO|pyme_finance_api.Controllers.Auth.LoginController|Class:LoginController | Method:LoginSuccess | Complete method
2021-10-28 11:58:39.1212|ERROR|Microsoft.AspNetCore.Diagnostics.DeveloperExceptionPageMiddleware|An unhandled exception has occurred while executing the request.
2021-10-28 11:59:22.7756|ERROR|Microsoft.AspNetCore.Diagnostics.DeveloperExceptionPageMiddleware|An unhandled exception has occurred while executing the request.
2021-10-28 11:59:58.5952|INFO|Microsoft.Hosting.Lifetime|Application started. Press Ctrl+C to shut down.
2021-10-28 11:59:58.6214|INFO|Microsoft.Hosting.Lifetime|Hosting environment: Development
2021-10-28 11:59:58.6214|INFO|Microsoft.Hosting.Lifetime|Content root path: D:\pyme-finance-api
2021-10-28 12:00:24.6276|INFO|pyme_finance_api.Controllers.Auth.LoginController|Class:LoginController | Method:Login | Start method |Params pyme_finance_api.Models.Authentication.Users
2021-10-28 12:00:25.3660|INFO|pyme_finance_api.Controllers.Auth.LoginController|Class:LoginController | Method:LoginSuccess | Complete method
2021-10-28 12:02:42.8853|ERROR|Microsoft.AspNetCore.Diagnostics.DeveloperExceptionPageMiddleware|An unhandled exception has occurred while executing the request.
2021-10-28 12:08:23.2677|INFO|Microsoft.Hosting.Lifetime|Application started. Press Ctrl+C to shut down.
2021-10-28 12:08:23.3062|INFO|Microsoft.Hosting.Lifetime|Hosting environment: Development
2021-10-28 12:08:23.3147|INFO|Microsoft.Hosting.Lifetime|Content root path: D:\pyme-finance-api
2021-10-28 12:09:01.0603|INFO|Microsoft.Hosting.Lifetime|Application started. Press Ctrl+C to shut down.
2021-10-28 12:09:01.0928|INFO|Microsoft.Hosting.Lifetime|Hosting environment: Development
2021-10-28 12:09:01.0928|INFO|Microsoft.Hosting.Lifetime|Content root path: D:\pyme-finance-api
2021-10-28 12:12:09.1164|INFO|Microsoft.Hosting.Lifetime|Application started. Press Ctrl+C to shut down.
2021-10-28 12:12:09.1514|INFO|Microsoft.Hosting.Lifetime|Hosting environment: Development
2021-10-28 12:12:09.1562|INFO|Microsoft.Hosting.Lifetime|Content root path: D:\pyme-finance-api
2021-10-28 12:20:38.8535|INFO|Microsoft.Hosting.Lifetime|Application started. Press Ctrl+C to shut down.
2021-10-28 12:20:38.8819|INFO|Microsoft.Hosting.Lifetime|Hosting environment: Development
2021-10-28 12:20:38.8878|INFO|Microsoft.Hosting.Lifetime|Content root path: D:\pyme-finance-api
2021-10-28 12:24:04.8192|INFO|pyme_finance_api.Controllers.Auth.LoginController|Class:LoginController | Method:Login | Start method |Params pyme_finance_api.Models.Authentication.Users
2021-10-28 12:24:04.9873|INFO|pyme_finance_api.Controllers.Auth.LoginController|Class:LoginController | Method:LoginSuccess | Complete method
2021-10-28 12:28:17.7794|INFO|pyme_finance_api.Controllers.Auth.LoginController|Class:LoginController | Method:Login | Start method |Params pyme_finance_api.Models.Authentication.Users
2021-10-28 12:28:17.8865|INFO|pyme_finance_api.Controllers.Auth.LoginController|Class:LoginController | Method:LoginSuccess | Complete method
2021-10-28 12:31:50.6915|INFO|Microsoft.Hosting.Lifetime|Application started. Press Ctrl+C to shut down.
2021-10-28 12:31:50.7207|INFO|Microsoft.Hosting.Lifetime|Hosting environment: Development
2021-10-28 12:31:50.7207|INFO|Microsoft.Hosting.Lifetime|Content root path: D:\pyme-finance-api
2021-10-28 12:33:15.3093|INFO|pyme_finance_api.Controllers.Auth.LoginController|Class:LoginController | Method:Login | Start method |Params pyme_finance_api.Models.Authentication.Users
2021-10-28 12:33:15.5454|INFO|pyme_finance_api.Controllers.Auth.LoginController|Class:LoginController | Method:LoginSuccess | Complete method
2021-10-28 12:34:10.7891|INFO|pyme_finance_api.Controllers.Auth.LoginController|Class:LoginController | Method:Login | Start method |Params pyme_finance_api.Models.Authentication.Users
2021-10-28 12:34:10.8276|INFO|pyme_finance_api.Controllers.Auth.LoginController|Class:LoginController | Method:LoginSuccess | Complete method
2021-10-28 12:37:39.4641|INFO|pyme_finance_api.Controllers.Auth.LoginController|Class:LoginController | Method:Login | Start method |Params pyme_finance_api.Models.Authentication.Users
2021-10-28 12:37:39.5273|INFO|pyme_finance_api.Controllers.Auth.LoginController|Class:LoginController | Method:LoginSuccess | Complete method
2021-10-28 12:38:33.7301|INFO|pyme_finance_api.Controllers.Auth.LoginController|Class:LoginController | Method:Login | Start method |Params pyme_finance_api.Models.Authentication.Users
2021-10-28 12:38:33.7917|INFO|pyme_finance_api.Controllers.Auth.LoginController|Class:LoginController | Method:LoginSuccess | Complete method
2021-10-28 12:41:19.4434|INFO|Microsoft.Hosting.Lifetime|Application started. Press Ctrl+C to shut down.
2021-10-28 12:41:19.4703|INFO|Microsoft.Hosting.Lifetime|Hosting environment: Development
2021-10-28 12:41:19.4703|INFO|Microsoft.Hosting.Lifetime|Content root path: D:\pyme-finance-api
2021-10-28 12:41:32.3684|INFO|pyme_finance_api.Controllers.Auth.LoginController|Class:LoginController | Method:Login | Start method |Params pyme_finance_api.Models.Authentication.Users
2021-10-28 12:41:33.1099|INFO|pyme_finance_api.Controllers.Auth.LoginController|Class:LoginController | Method:LoginSuccess | Complete method
2021-10-28 12:47:50.1614|INFO|Microsoft.Hosting.Lifetime|Application started. Press Ctrl+C to shut down.
2021-10-28 12:47:50.1926|INFO|Microsoft.Hosting.Lifetime|Hosting environment: Development
2021-10-28 12:47:50.1926|INFO|Microsoft.Hosting.Lifetime|Content root path: D:\pyme-finance-api
2021-10-28 12:47:55.7931|INFO|pyme_finance_api.Controllers.Auth.LoginController|Class:LoginController | Method:Login | Start method |Params pyme_finance_api.Models.Authentication.Users
2021-10-28 12:47:56.6489|INFO|pyme_finance_api.Controllers.Auth.LoginController|Class:LoginController | Method:LoginSuccess | Complete method
2021-10-28 12:49:29.2819|INFO|pyme_finance_api.Controllers.Auth.LoginController|Class:LoginController | Method:Login | Start method |Params pyme_finance_api.Models.Authentication.Users
2021-10-28 12:49:29.3184|INFO|pyme_finance_api.Controllers.Auth.LoginController|Class:LoginController | Method:LoginSuccess | Complete method
2021-10-28 12:51:30.8341|INFO|pyme_finance_api.Controllers.Auth.LoginController|Class:LoginController | Method:Login | Start method |Params pyme_finance_api.Models.Authentication.Users
2021-10-28 12:51:30.8870|INFO|pyme_finance_api.Controllers.Auth.LoginController|Class:LoginController | Method:LoginSuccess | Complete method
2021-10-28 12:53:31.2762|INFO|pyme_finance_api.Controllers.Auth.LoginController|Class:LoginController | Method:Login | Start method |Params pyme_finance_api.Models.Authentication.Users
2021-10-28 12:53:31.3743|INFO|pyme_finance_api.Controllers.Auth.LoginController|Class:LoginController | Method:LoginSuccess | Complete method
2021-10-28 14:38:36.7779|INFO|Microsoft.Hosting.Lifetime|Application started. Press Ctrl+C to shut down.
2021-10-28 14:38:37.0279|INFO|Microsoft.Hosting.Lifetime|Hosting environment: Development
2021-10-28 14:38:37.0279|INFO|Microsoft.Hosting.Lifetime|Content root path: D:\pyme-finance-api
2021-10-28 14:38:40.1275|INFO|pyme_finance_api.Controllers.Auth.LoginController|Class:LoginController | Method:Login | Start method |Params pyme_finance_api.Models.Authentication.Users
2021-10-28 14:38:47.1674|INFO|pyme_finance_api.Controllers.Auth.LoginController|Class:LoginController | Method:LoginSuccess | Complete method
2021-10-28 14:44:07.7814|INFO|Microsoft.Hosting.Lifetime|Application started. Press Ctrl+C to shut down.
2021-10-28 14:44:07.8514|INFO|Microsoft.Hosting.Lifetime|Hosting environment: Development
2021-10-28 14:44:07.8574|INFO|Microsoft.Hosting.Lifetime|Content root path: D:\pyme-finance-api
