2021-10-18 08:42:18.9682|INFO|Microsoft.Hosting.Lifetime|Application started. Press Ctrl+C to shut down.
2021-10-18 08:42:19.4068|INFO|Microsoft.Hosting.Lifetime|Hosting environment: Development
2021-10-18 08:42:19.4068|INFO|Microsoft.Hosting.Lifetime|Content root path: D:\pyme-finance-api
2021-10-18 08:43:43.7249|INFO|pyme_finance_api.Controllers.Auth.LoginController|Class:LoginController | Method:Login | Start method |Params pyme_finance_api.Models.Authentication.Users
2021-10-18 08:43:49.3402|INFO|pyme_finance_api.Controllers.Auth.LoginController|Class:LoginController | Method:LoginSuccess | Complete method
2021-10-18 08:51:48.0639|INFO|pyme_finance_api.Controllers.Auth.LoginController|Class:LoginController | Method:Login | Start method |Params pyme_finance_api.Models.Authentication.Users
2021-10-18 08:51:48.1678|INFO|pyme_finance_api.Controllers.Auth.LoginController|Class:LoginController | Method:LoginSuccess | Complete method
2021-10-18 08:54:07.4840|INFO|pyme_finance_api.Controllers.Auth.LoginController|Class:LoginController | Method:Login | Start method |Params pyme_finance_api.Models.Authentication.Users
2021-10-18 08:54:07.5191|INFO|pyme_finance_api.Controllers.Auth.LoginController|Class:LoginController | Method:LoginSuccess | Complete method
2021-10-18 08:59:42.9211|INFO|pyme_finance_api.Controllers.Auth.LoginController|Class:LoginController | Method:Login | Start method |Params pyme_finance_api.Models.Authentication.Users
2021-10-18 08:59:43.1042|INFO|pyme_finance_api.Controllers.Auth.LoginController|Class:LoginController | Method:LoginSuccess | Complete method
2021-10-18 09:38:50.6101|INFO|pyme_finance_api.Controllers.Auth.LoginController|Class:LoginController | Method:Login | Start method |Params pyme_finance_api.Models.Authentication.Users
2021-10-18 09:38:50.7973|INFO|pyme_finance_api.Controllers.Auth.LoginController|Class:LoginController | Method:LoginSuccess | Complete method
2021-10-18 09:53:03.6259|INFO|pyme_finance_api.Controllers.Auth.LoginController|Class:LoginController | Method:Login | Start method |Params pyme_finance_api.Models.Authentication.Users
2021-10-18 09:53:03.6908|INFO|pyme_finance_api.Controllers.Auth.LoginController|Class:LoginController | Method:LoginSuccess | Complete method
2021-10-18 10:04:08.9232|INFO|pyme_finance_api.Controllers.Auth.LoginController|Class:LoginController | Method:Login | Start method |Params pyme_finance_api.Models.Authentication.Users
2021-10-18 10:04:09.0455|INFO|pyme_finance_api.Controllers.Auth.LoginController|Class:LoginController | Method:LoginSuccess | Complete method
2021-10-18 10:23:38.0902|INFO|pyme_finance_api.Controllers.Auth.LoginController|Class:LoginController | Method:Login | Start method |Params pyme_finance_api.Models.Authentication.Users
2021-10-18 10:23:38.1836|INFO|pyme_finance_api.Controllers.Auth.LoginController|Class:LoginController | Method:LoginSuccess | Complete method
2021-10-18 10:25:38.0413|INFO|pyme_finance_api.Controllers.Auth.LoginController|Class:LoginController | Method:Login | Start method |Params pyme_finance_api.Models.Authentication.Users
2021-10-18 10:25:38.0858|INFO|pyme_finance_api.Controllers.Auth.LoginController|Class:LoginController | Method:LoginSuccess | Complete method
2021-10-18 10:32:07.8612|INFO|pyme_finance_api.Controllers.Auth.LoginController|Class:LoginController | Method:Login | Start method |Params pyme_finance_api.Models.Authentication.Users
2021-10-18 10:32:07.9422|INFO|pyme_finance_api.Controllers.Auth.LoginController|Class:LoginController | Method:LoginSuccess | Complete method
2021-10-18 13:09:14.2418|INFO|Microsoft.Hosting.Lifetime|Application started. Press Ctrl+C to shut down.
2021-10-18 13:09:14.2900|INFO|Microsoft.Hosting.Lifetime|Hosting environment: Development
2021-10-18 13:09:14.2954|INFO|Microsoft.Hosting.Lifetime|Content root path: D:\pyme-finance-api
